<?xml version="1.0" encoding="utf-8"?><testsuites name="pytest tests"><testsuite name="pytest" errors="0" failures="0" skipped="0" tests="52" time="49.954" timestamp="2026-09-07T08:12:10.459651+02:00" hostname="DESKTOP-85RVJ7S"><testcase classname="tests.test_content_revenue_integration" name="test_actual_service_requests_are_buying_signals[Burkol\xf3t keresek a lak\xe1sfel\xfaj\xedt\xe1shoz.]" time="1.366" /><testcase classname="tests.test_content_revenue_integration" name="test_actual_service_requests_are_buying_signals[Tudtok megb\xedzhat\xf3 kivitelez\u0151t?]" time="0.791" /><testcase classname="tests.test_content_revenue_integration" name="test_actual_service_requests_are_buying_signals[F\xe9lbemaradt az \xe9p\xedtkez\xe9sem, a folytat\xe1shoz seg\xedts\xe9get keresek.]" time="0.962" /><testcase classname="tests.test_content_revenue_integration" name="test_answered_but_open_question_is_still_content_evidence" time="0.858" /><testcase classname="tests.test_content_revenue_integration" name="test_old_cached_hot_demand_is_research_at_use_time" time="0.981" /><testcase classname="tests.test_content_revenue_integration" name="test_refresh_reads_original_again_and_detects_changed_post" time="0.825" /><testcase classname="tests.test_content_revenue_integration" name="test_real_brand_sources_provide_problem_and_supported_next_step[Property360]" time="0.910" /><testcase classname="tests.test_content_revenue_integration" name="test_real_brand_sources_provide_problem_and_supported_next_step[RED Property]" time="0.884" /><testcase classname="tests.test_content_revenue_integration" name="test_real_brand_sources_provide_problem_and_supported_next_step[Venture Studio]" time="1.349" /><testcase classname="tests.test_content_revenue_integration" name="test_empty_and_tampered_approved_source_is_not_used" time="1.102" /><testcase classname="tests.test_content_revenue_integration" name="test_existing_api_json_serialization_remains_usable_and_styles_do_not_hide_facts" time="0.885" /><testcase classname="tests.test_content_revenue_integration" name="test_missing_source_creates_one_task_without_calling_generator" time="0.988" /><testcase classname="tests.test_content_revenue_integration" name="test_documented_customer_problem_reaches_generator_without_fake_radar" time="0.741" /><testcase classname="tests.test_content_revenue_integration" name="test_unavailable_forum_does_not_discard_usable_documented_brand_problem" time="0.756" /><testcase classname="tests.test_content_revenue_integration" name="test_final_repair_must_keep_actual_problem_and_fact_not_only_metadata" time="0.817" /><testcase classname="tests.test_content_revenue_integration" name="test_source_bound_content_passes_existing_review_and_keeps_delivery_separate" time="0.783" /><testcase classname="tests.test_content_factory_source_manifest" name="test_manifest_contains_read_back_documents_and_supported_brand_specific_steps" time="1.065" /><testcase classname="tests.test_content_factory_source_manifest" name="test_seed_supersedes_only_explicit_versions_and_is_idempotent" time="0.740" /><testcase classname="tests.test_content_factory_source_manifest" name="test_seeded_sources_make_three_distinct_reviewable_brand_inputs" time="0.957" /><testcase classname="tests.test_growth_processing_pipeline" name="test_hash_bound_quality_gate_blocks_every_public_route_without_image" time="0.893" /><testcase classname="tests.test_growth_processing_pipeline" name="test_legacy_text_only_payload_conflicts_with_the_new_image_bound_identity" time="1.153" /><testcase classname="tests.test_growth_processing_pipeline" name="test_unavailable_publication_route_does_not_block_the_available_route[facebook-facebook-SKIPPED_ROUTE_NOT_AVAILABLE-QUEUED]" time="1.096" /><testcase classname="tests.test_growth_processing_pipeline" name="test_unavailable_publication_route_does_not_block_the_available_route[nim_cms-nim_cms-QUEUED-SKIPPED_ROUTE_NOT_AVAILABLE]" time="1.116" /><testcase classname="tests.test_growth_processing_pipeline" name="test_source_extraction_accepts_only_literal_evidence" time="0.991" /><testcase classname="tests.test_growth_processing_pipeline" name="test_source_extraction_deduplicates_repeated_leads_before_flush" time="1.379" /><testcase classname="tests.test_growth_processing_pipeline" name="test_question_permalink_is_preserved_only_for_exact_forum_candidate" time="1.030" /><testcase classname="tests.test_growth_processing_pipeline" name="test_joszaki_profession_category_is_not_treated_as_a_question_permalink" time="0.821" /><testcase classname="tests.test_growth_processing_pipeline" name="test_qjob_card_label_is_evidence_and_creates_one_brand_reply" time="0.775" /><testcase classname="tests.test_growth_processing_pipeline" name="test_qjob_lead_requires_and_preserves_exact_task_permalink" time="0.706" /><testcase classname="tests.test_growth_processing_pipeline" name="test_purchase_signal_lead_is_also_retained_in_question_radar" time="0.878" /><testcase classname="tests.test_growth_processing_pipeline" name="test_question_radar_rejects_category_url_as_exact_question" time="0.865" /><testcase classname="tests.test_growth_processing_pipeline" name="test_source_model_error_keeps_verified_purchase_signal" time="0.980" /><testcase classname="tests.test_growth_processing_pipeline" name="test_question_answer_generator_quarantines_exact_artifact" time="0.810" /><testcase classname="tests.test_growth_processing_pipeline" name="test_construction_marketplace_rejects_accounting_question" time="0.979" /><testcase classname="tests.test_growth_processing_pipeline" name="test_construction_marketplace_retains_general_building_question_for_content" time="1.020" /><testcase classname="tests.test_growth_processing_pipeline" name="test_ineligible_question_is_committed_and_not_reprocessed" time="0.847" /><testcase classname="tests.test_growth_processing_pipeline" name="test_question_answer_generator_skips_topic_reserved_by_another_worker" time="1.073" /><testcase classname="tests.test_growth_processing_pipeline" name="test_publication_digest_includes_hash_bound_blocked_forum_draft" time="0.989" /><testcase classname="tests.test_growth_processing_pipeline" name="test_publication_digest_allow_gate_is_not_mistaken_for_kill_switch" time="0.998" /><testcase classname="tests.test_growth_processing_pipeline" name="test_internal_digest_uses_no_arg_guard_without_first_contact_quota" time="1.177" /><testcase classname="tests.test_growth_processing_pipeline" name="test_publication_digest_contains_every_quarantined_forum_draft" time="0.985" /><testcase classname="tests.test_growth_processing_pipeline" name="test_publication_digest_15_second_worker_loop_calls_gmail_exactly_once" time="0.807" /><testcase classname="tests.test_growth_processing_pipeline" name="test_publication_digest_ambiguous_delivery_is_held_without_blind_retry" time="0.832" /><testcase classname="tests.test_growth_processing_pipeline" name="test_publication_digest_enforces_recipient_rolling_24_hour_hard_gate" time="0.805" /><testcase classname="tests.test_growth_processing_pipeline" name="test_andrea_hard_gate_counts_every_system_summary_type" time="1.147" /><testcase classname="tests.test_growth_processing_pipeline" name="test_failed_internal_summary_is_quarantined_without_transport_retry" time="1.226" /><testcase classname="tests.test_growth_processing_pipeline" name="test_source_hard_gate_blocks_before_model" time="1.071" /><testcase classname="tests.test_growth_processing_pipeline" name="test_anonymous_project_is_retained_but_inferred_question_is_rejected" time="0.860" /><testcase classname="tests.test_growth_processing_pipeline" name="test_content_factory_quarantines_all_nineteen_brands" time="0.885" /><testcase classname="tests.test_growth_processing_pipeline" name="test_content_factory_recovery_package_is_valid_for_every_brand" time="0.834" /><testcase classname="tests.test_growth_processing_pipeline" name="test_internal_handoff_is_fixed_recipient_and_idempotent" time="0.917" /><testcase classname="tests.test_growth_processing_pipeline" name="test_source_extraction_retries_one_transient_model_failure" time="0.951" /></testsuite></testsuites>