<?xml version="1.0" encoding="utf-8"?><testsuites name="pytest tests"><testsuite name="pytest" errors="0" failures="0" skipped="0" tests="40" time="0.137" timestamp="2026-09-07T08:12:00.554013+02:00" hostname="DESKTOP-85RVJ7S"><testcase classname="scripts.tests.test_content_intent_revenue_v1.IntentTests" name="test_boundaries" time="0.015" /><testcase classname="scripts.tests.test_content_intent_revenue_v1.IntentTests" name="test_budget_absence_is_unknown_not_rejected_for_poverty" time="0.002" /><testcase classname="scripts.tests.test_content_intent_revenue_v1.IntentTests" name="test_closed_or_provider_not_customer" time="0.002" /><testcase classname="scripts.tests.test_content_intent_revenue_v1.IntentTests" name="test_coarse_months_are_not_recent" time="0.001" /><testcase classname="scripts.tests.test_content_intent_revenue_v1.IntentTests" name="test_cross_day_brand_identity_not_duplicated" time="0.001" /><testcase classname="scripts.tests.test_content_intent_revenue_v1.IntentTests" name="test_date_only_retains_conservative_precision" time="0.001" /><testcase classname="scripts.tests.test_content_intent_revenue_v1.IntentTests" name="test_fresh_buyer_is_hot_not_verified_rich" time="0.001" /><testcase classname="scripts.tests.test_content_intent_revenue_v1.IntentTests" name="test_general_question_not_sales_lead" time="0.001" /><testcase classname="scripts.tests.test_content_intent_revenue_v1.IntentTests" name="test_missing_date_is_not_today" time="0.001" /><testcase classname="scripts.tests.test_content_intent_revenue_v1.IntentTests" name="test_old_seen_today_stays_old" time="0.001" /><testcase classname="scripts.tests.test_content_intent_revenue_v1.IntentTests" name="test_page_updated_at_not_post_publication" time="0.001" /><testcase classname="scripts.tests.test_content_intent_revenue_v1.IntentTests" name="test_recheck_uses_now_not_cached_age" time="0.001" /><testcase classname="scripts.tests.test_content_intent_revenue_v1.IntentTests" name="test_relative_hours_and_days" time="0.002" /><testcase classname="scripts.tests.test_content_intent_revenue_v1.IntentTests" name="test_scope_and_permalink_required" time="0.002" /><testcase classname="scripts.tests.test_content_intent_revenue_v1.IntentTests" name="test_seven_day_signal_needs_strong_intent" time="0.001" /><testcase classname="scripts.tests.test_content_intent_revenue_v1.IntentTests" name="test_statement_without_question_mark_is_a_trigger" time="0.001" /><testcase classname="scripts.tests.test_content_intent_revenue_v1.IntentTests" name="test_third_party_bump_does_not_renew" time="0.001" /><testcase classname="scripts.tests.test_content_intent_revenue_v1.IntentTests" name="test_today_yesterday_dst" time="0.001" /><testcase classname="scripts.tests.test_content_intent_revenue_v1.IntentTests" name="test_tracking_dedup_and_native_query_preserved" time="0.001" /><testcase classname="scripts.tests.test_content_intent_revenue_v1.IntentTests" name="test_unknown_naive_or_future_dates_are_quarantined" time="0.001" /><testcase classname="scripts.tests.test_content_intent_revenue_v1.IntentTests" name="test_verified_original_author_renewal" time="0.001" /><testcase classname="scripts.tests.test_content_intent_revenue_v1.ContentTests" name="test_business_metadata_and_specific_cta_required" time="0.003" /><testcase classname="scripts.tests.test_content_intent_revenue_v1.ContentTests" name="test_cta_cannot_promise_unapproved_service" time="0.001" /><testcase classname="scripts.tests.test_content_intent_revenue_v1.ContentTests" name="test_duplicate_fact_id_rejected" time="0.001" /><testcase classname="scripts.tests.test_content_intent_revenue_v1.ContentTests" name="test_evidence_bound_content_passes_not_auto_publishes" time="0.001" /><testcase classname="scripts.tests.test_content_intent_revenue_v1.ContentTests" name="test_expired_facts_and_capability_blocked" time="0.001" /><testcase classname="scripts.tests.test_content_intent_revenue_v1.ContentTests" name="test_factual_paraphrase_requires_review" time="0.001" /><testcase classname="scripts.tests.test_content_intent_revenue_v1.ContentTests" name="test_fake_demand_and_pii_context_rejected" time="0.001" /><testcase classname="scripts.tests.test_content_intent_revenue_v1.ContentTests" name="test_invented_price_not_sanitized_into_approval" time="0.001" /><testcase classname="scripts.tests.test_content_intent_revenue_v1.ContentTests" name="test_link_alone_is_not_claim_proof" time="0.001" /><testcase classname="scripts.tests.test_content_intent_revenue_v1.ContentTests" name="test_no_sources_no_filler" time="0.002" /><testcase classname="scripts.tests.test_content_intent_revenue_v1.ContentTests" name="test_numeric_cta_claim_also_checked" time="0.001" /><testcase classname="scripts.tests.test_content_intent_revenue_v1.ContentTests" name="test_price_requires_tax_unit_scope" time="0.001" /><testcase classname="scripts.tests.test_content_intent_revenue_v1.ContentTests" name="test_private_expired_future_or_unhashed_facts_not_exposed" time="0.001" /><testcase classname="scripts.tests.test_content_intent_revenue_v1.ContentTests" name="test_proof_cannot_be_fictitious_case" time="0.001" /><testcase classname="scripts.tests.test_content_intent_revenue_v1.ContentTests" name="test_registry_wrong_policy_rejected" time="0.001" /><testcase classname="scripts.tests.test_content_intent_revenue_v1.ContentTests" name="test_short_key_rejected" time="0.001" /><testcase classname="scripts.tests.test_content_intent_revenue_v1.ContentTests" name="test_signature_tamper_and_model_verified_flag_fail" time="0.001" /><testcase classname="scripts.tests.test_content_intent_revenue_v1.ContentTests" name="test_useful_metadata_must_exist_in_published_text" time="0.001" /><testcase classname="scripts.tests.test_content_intent_revenue_v1.ContentTests" name="test_wrong_brand_evidence_blocked" time="0.001" /></testsuite></testsuites>