<?xml version="1.0" encoding="utf-8"?><testsuites name="pytest tests"><testsuite name="pytest" errors="0" failures="0" skipped="0" tests="399" time="405.005" timestamp="2026-09-07T07:59:45.947868+02:00" hostname="DESKTOP-85RVJ7S"><testcase classname="tests.test_content_revenue_integration" name="test_actual_service_requests_are_buying_signals[Burkol\xf3t keresek a lak\xe1sfel\xfaj\xedt\xe1shoz.]" time="1.417" /><testcase classname="tests.test_content_revenue_integration" name="test_actual_service_requests_are_buying_signals[Tudtok megb\xedzhat\xf3 kivitelez\u0151t?]" time="0.761" /><testcase classname="tests.test_content_revenue_integration" name="test_actual_service_requests_are_buying_signals[F\xe9lbemaradt az \xe9p\xedtkez\xe9sem, a folytat\xe1shoz seg\xedts\xe9get keresek.]" time="0.843" /><testcase classname="tests.test_content_revenue_integration" name="test_answered_but_open_question_is_still_content_evidence" time="0.839" /><testcase classname="tests.test_content_revenue_integration" name="test_old_cached_hot_demand_is_research_at_use_time" time="0.920" /><testcase classname="tests.test_content_revenue_integration" name="test_refresh_reads_original_again_and_detects_changed_post" time="1.163" /><testcase classname="tests.test_content_revenue_integration" name="test_real_brand_sources_provide_problem_and_supported_next_step[Property360]" time="1.267" /><testcase classname="tests.test_content_revenue_integration" name="test_real_brand_sources_provide_problem_and_supported_next_step[RED Property]" time="0.770" /><testcase classname="tests.test_content_revenue_integration" name="test_real_brand_sources_provide_problem_and_supported_next_step[Venture Studio]" time="1.157" /><testcase classname="tests.test_content_revenue_integration" name="test_empty_and_tampered_approved_source_is_not_used" time="0.843" /><testcase classname="tests.test_content_revenue_integration" name="test_missing_source_creates_one_task_without_calling_generator" time="0.940" /><testcase classname="tests.test_content_revenue_integration" name="test_documented_customer_problem_reaches_generator_without_fake_radar" time="1.721" /><testcase classname="tests.test_content_revenue_integration" name="test_unavailable_forum_does_not_discard_usable_documented_brand_problem" time="1.897" /><testcase classname="tests.test_content_revenue_integration" name="test_final_repair_must_keep_actual_problem_and_fact_not_only_metadata" time="1.390" /><testcase classname="tests.test_content_revenue_integration" name="test_source_bound_content_passes_existing_review_and_keeps_delivery_separate" time="1.276" /><testcase classname="tests.test_content_factory_source_manifest" name="test_manifest_contains_read_back_documents_and_supported_brand_specific_steps" time="1.110" /><testcase classname="tests.test_content_factory_source_manifest" name="test_seed_supersedes_only_explicit_versions_and_is_idempotent" time="0.958" /><testcase classname="tests.test_content_factory_source_manifest" name="test_seeded_sources_make_three_distinct_reviewable_brand_inputs" time="1.506" /><testcase classname="tests.test_forum_discovery_regressions" name="test_empty_relevant_search_never_falls_back_to_search_engine_navigation" time="1.414" /><testcase classname="tests.test_forum_discovery_regressions" name="test_external_anchor_cannot_forge_source_page_verification[https://www.bing.com/search?q=epitkezes+forum]" time="0.933" /><testcase classname="tests.test_forum_discovery_regressions" name="test_external_anchor_cannot_forge_source_page_verification[https://forum.example.hu/category]" time="0.858" /><testcase classname="tests.test_forum_discovery_regressions" name="test_discovery_requires_forum_identity_and_public_source[https://news.example/epitkezes/12345]" time="0.909" /><testcase classname="tests.test_forum_discovery_regressions" name="test_discovery_requires_forum_identity_and_public_source[https://ingatlan.com/35500001]" time="1.256" /><testcase classname="tests.test_forum_discovery_regressions" name="test_discovery_requires_forum_identity_and_public_source[https://example.hu/epitkezes?id=12345]" time="1.198" /><testcase classname="tests.test_forum_discovery_regressions" name="test_discovery_requires_forum_identity_and_public_source[https://127.0.0.1/threads/epitkezes.12345]" time="0.947" /><testcase classname="tests.test_forum_discovery_regressions" name="test_discovery_requires_forum_identity_and_public_source[https://localhost/threads/epitkezes.12345]" time="0.923" /><testcase classname="tests.test_forum_discovery_regressions" name="test_discovery_requires_forum_identity_and_public_source[https://forum.example.hu:8443/threads/epitkezes.12345]" time="0.839" /><testcase classname="tests.test_forum_discovery_regressions" name="test_search_retains_purchase_signal_without_question_mark_and_decodes_wrapper" time="1.347" /><testcase classname="tests.test_forum_discovery_regressions" name="test_reddit_identity_survives_title_tracking_and_host_variants[https://reddit.com/r/LakoKozosseg/comments/abc123]" time="0.924" /><testcase classname="tests.test_forum_discovery_regressions" name="test_reddit_identity_survives_title_tracking_and_host_variants[https://old.reddit.com/r/lakokozosseg/comments/abc123/old_title/?utm_source=search]" time="0.909" /><testcase classname="tests.test_forum_discovery_regressions" name="test_reddit_identity_survives_title_tracking_and_host_variants[https://www.reddit.com/r/lakokozosseg/comments/abc123/new_title/]" time="0.817" /><testcase classname="tests.test_forum_discovery_regressions" name="test_reddit_comment_identity_is_distinct_from_root_post" time="0.945" /><testcase classname="tests.test_forum_discovery_regressions" name="test_enrichment_budget_preserves_all_discoveries_for_later_source_fetch[0-12]" time="0.791" /><testcase classname="tests.test_forum_discovery_regressions" name="test_enrichment_budget_preserves_all_discoveries_for_later_source_fetch[46-1]" time="0.925" /><testcase classname="tests.test_forum_discovery_regressions" name="test_discovery_database_dedup_preserves_operator_state_brand_and_revision" time="0.854" /><testcase classname="tests.test_forum_discovery_regressions" name="test_direct_route_refresh_does_not_undo_operator_disable" time="0.861" /><testcase classname="tests.test_forum_discovery_regressions" name="test_search_discovery_is_processed_from_actual_source_in_next_batch" time="0.850" /><testcase classname="tests.test_forum_discovery_regressions" name="test_reddit_routes_fetch_new_posts_including_housing_community" time="0.821" /><testcase classname="tests.test_forum_discovery_regressions" name="test_index_category_expands_observed_threads_to_exact_posts_with_original_text" time="0.919" /><testcase classname="tests.test_forum_discovery_regressions" name="test_radar_refreshes_same_day_with_backoff_without_inflating_coverage" time="0.930" /><testcase classname="tests.test_forum_http" name="test_index_anonymous_handshake_preserves_host_only_cookies" time="1.231" /><testcase classname="tests.test_forum_http" name="test_redirects_cannot_leave_exact_anonymous_handshake[http://forum.index.hu/Article/viewArticle?a=123]" time="1.183" /><testcase classname="tests.test_forum_http" name="test_redirects_cannot_leave_exact_anonymous_handshake[https://127.0.0.1/private]" time="1.240" /><testcase classname="tests.test_forum_http" name="test_redirects_cannot_leave_exact_anonymous_handshake[https://example.com/login]" time="1.393" /><testcase classname="tests.test_forum_http" name="test_redirects_cannot_leave_exact_anonymous_handshake[https://daemon.indapass.hu/login]" time="0.973" /><testcase classname="tests.test_forum_http" name="test_redirects_cannot_leave_exact_anonymous_handshake[https://daemon.indapass.hu/http/session_request?partner_id=other&amp;redirect_to=https://forum.index.hu/]" time="0.959" /><testcase classname="tests.test_forum_http" name="test_redirects_cannot_leave_exact_anonymous_handshake[https://daemon.indapass.hu/http/session_request?partner_id=forum&amp;redirect_to=https://example.com/]" time="1.077" /><testcase classname="tests.test_forum_http" name="test_redirect_body_budget_and_total_hops_are_bounded" time="1.053" /><testcase classname="tests.test_forum_http" name="test_expired_deadline_never_fetches" time="1.166" /><testcase classname="tests.test_forum_http" name="test_prohardver_anonymous_handshake_returns_to_original_public_forum" time="1.496" /><testcase classname="tests.test_forum_http" name="test_prohardver_handshake_does_not_allow_other_login_or_return_hosts[https://auth.rios.hu/login]" time="2.187" /><testcase classname="tests.test_forum_http" name="test_prohardver_handshake_does_not_allow_other_login_or_return_hosts[https://auth.rios.hu/hozzaferes/azonosit.php?redir_host=other.hu&amp;redir_uri=/tema/example]" time="2.285" /><testcase classname="tests.test_forum_real_source_replay" name="test_actual_source_parsers_bind_original_body_and_date_to_exact_post" time="2.150" /><testcase classname="tests.test_forum_real_source_replay" name="test_real_useful_questions_survive_and_repeated_scan_does_not_duplicate[empty]" time="2.113" /><testcase classname="tests.test_forum_real_source_replay" name="test_real_useful_questions_survive_and_repeated_scan_does_not_duplicate[short_title]" time="2.364" /><testcase classname="tests.test_forum_real_source_replay" name="test_real_useful_questions_survive_and_repeated_scan_does_not_duplicate[literal_question]" time="2.299" /><testcase classname="tests.test_forum_real_source_replay" name="test_real_useful_questions_survive_and_repeated_scan_does_not_duplicate[old_sources]" time="2.055" /><testcase classname="tests.test_forum_source_dates" name="test_gyakori_original_date_keeps_year_and_ignores_sidebar" time="1.788" /><testcase classname="tests.test_forum_source_dates" name="test_unscoped_sidebar_date_is_not_question_date" time="1.783" /><testcase classname="tests.test_forum_source_dates" name="test_atom_updated_is_not_original_and_author_footer_is_removed" time="1.667" /><testcase classname="tests.test_forum_source_dates" name="test_updated_only_prefixed_feed_retains_text_without_inventing_date" time="2.070" /><testcase classname="tests.test_forum_source_dates" name="test_feed_cannot_attest_other_sites_publication_date" time="2.115" /><testcase classname="tests.test_forum_source_dates" name="test_index_thread_is_not_post_and_exact_view_has_bound_date" time="2.051" /><testcase classname="tests.test_forum_source_dates" name="test_source_date_precision[2026.09.06 11:18:01-expected0]" time="2.090" /><testcase classname="tests.test_forum_source_dates" name="test_source_date_precision[tegnap 23:07:59-expected1]" time="2.111" /><testcase classname="tests.test_forum_source_dates" name="test_source_date_precision[2023. j\xfal. 23. 09:43-expected2]" time="2.342" /><testcase classname="tests.test_forum_source_dates" name="test_source_date_precision[febr. 31.-None]" time="2.225" /><testcase classname="tests.test_forum_source_dates" name="test_source_date_precision[2026-09-06T09:45:34Z-expected4]" time="2.156" /><testcase classname="tests.test_forum_source_dates" name="test_source_date_precision[szept. 4., 15:56:47-expected5]" time="2.205" /><testcase classname="tests.test_forum_source_dates" name="test_revenue_queues_keep_answered_posts_and_unknown_status[2026-09-07T08:00:00+02:00-Kivitelez\u0151t keresek, megvan a telkem.-HOT]" time="2.402" /><testcase classname="tests.test_forum_source_dates" name="test_revenue_queues_keep_answered_posts_and_unknown_status[2026-09-05T08:00:00+02:00-Kivitelez\u0151t keresek csal\xe1di h\xe1zamhoz.-WARM]" time="2.493" /><testcase classname="tests.test_forum_source_dates" name="test_revenue_queues_keep_answered_posts_and_unknown_status[2026-08-25T08:00:00+02:00-Kivitelez\u0151t keresek csal\xe1di h\xe1zamhoz.-CONTENT_SIGNAL]" time="2.398" /><testcase classname="tests.test_forum_source_dates" name="test_revenue_queues_keep_answered_posts_and_unknown_status[2023-08-25T08:00:00+02:00-Kivitelez\u0151t keresek csal\xe1di h\xe1zamhoz.-RESEARCH_ONLY]" time="2.278" /><testcase classname="tests.test_forum_source_dates" name="test_generic_related_jsonld_item_is_not_post_date" time="1.936" /><testcase classname="tests.test_forum_source_dates" name="test_native_identity_ignores_reddit_title_and_index_thread_query_order" time="2.075" /><testcase classname="tests.test_forum_source_dates" name="test_reply_enrichment_has_total_deadline_and_retains_unread_links" time="2.071" /><testcase classname="tests.test_forum_source_dates" name="test_reddit_reply_cannot_replace_original_posts_publication_date" time="1.301" /><testcase classname="tests.test_question_surface_catalog" name="test_public_page_with_login_navigation_is_not_an_auth_wall" time="1.598" /><testcase classname="tests.test_question_surface_catalog" name="test_real_login_page_is_still_blocked" time="1.634" /><testcase classname="tests.test_question_surface_catalog" name="test_source_page_publication_metadata_is_preserved_but_modified_time_is_not" time="1.629" /><testcase classname="tests.test_question_surface_catalog" name="test_qjob_div_task_cards_become_specific_link_candidates" time="1.182" /><testcase classname="tests.test_question_surface_catalog" name="test_concrete_reply_page_metadata_uses_original_post_date_and_state" time="1.392" /><testcase classname="tests.test_question_surface_catalog" name="test_reply_page_candidate_rejects_category_and_cross_host_links" time="1.452" /><testcase classname="tests.test_question_surface_catalog" name="test_public_atom_feed_preserves_entry_date_and_permalink" time="1.764" /><testcase classname="tests.test_question_surface_catalog" name="test_rss_feed_items_are_discovered_and_search_results_cross_host" time="1.717" /><testcase classname="tests.test_question_surface_catalog" name="test_fetch_search_discovery_rechecks_each_forum_post" time="1.578" /><testcase classname="tests.test_question_surface_catalog" name="test_fetch_analyzes_content_after_old_200k_cutoff" time="1.747" /><testcase classname="tests.test_question_surface_catalog" name="test_route_overlay_survives_catalog_reimport" time="1.968" /><testcase classname="tests.test_revenue_policy" name="test_purchase_signal_accepts_no_question_mark" time="1.824" /><testcase classname="tests.test_revenue_policy" name="test_gyakori_kerdesek_permalink_and_relative_date_are_source_page_safe" time="1.893" /><testcase classname="tests.test_revenue_policy" name="test_gyakori_kerdesek_page_metadata_proves_zero_answers" time="1.340" /><testcase classname="tests.test_revenue_policy" name="test_direct_question_routes_are_registered_with_current_catalog_revision" time="1.160" /><testcase classname="tests.test_revenue_policy" name="test_search_discovered_forum_permalink_is_idempotent" time="1.071" /><testcase classname="tests.test_revenue_policy" name="test_revalidation_rejects_changed_source_identity" time="1.185" /><testcase classname="tests.test_revenue_policy" name="test_build_intent_requires_approved_facts" time="1.175" /><testcase classname="tests.test_revenue_policy" name="test_evaluate_intent_never_grants_delivery_authority" time="1.133" /><testcase classname="tests.test_revenue_policy" name="test_revalidation_rejects_old_topic_before_use" time="1.179" /><testcase classname="tests.test_revenue_policy" name="test_source_extraction_retains_questionless_purchase_signal" time="1.209" /><testcase classname="tests.test_growth_catalog" name="test_building_route_scope_is_fail_closed[overrides0-True]" time="1.190" /><testcase classname="tests.test_growth_catalog" name="test_building_route_scope_is_fail_closed[overrides1-False]" time="1.090" /><testcase classname="tests.test_growth_catalog" name="test_building_route_scope_is_fail_closed[overrides2-False]" time="1.508" /><testcase classname="tests.test_growth_catalog" name="test_building_route_scope_is_fail_closed[overrides3-False]" time="1.266" /><testcase classname="tests.test_growth_catalog" name="test_building_route_scope_is_fail_closed[overrides4-True]" time="1.450" /><testcase classname="tests.test_growth_catalog" name="test_building_route_scope_is_fail_closed[overrides5-False]" time="1.636" /><testcase classname="tests.test_growth_catalog" name="test_building_route_scope_is_fail_closed[overrides6-True]" time="1.718" /><testcase classname="tests.test_growth_catalog" name="test_building_route_scope_is_fail_closed[overrides7-True]" time="1.577" /><testcase classname="tests.test_growth_catalog" name="test_building_route_scope_is_fail_closed[overrides8-False]" time="1.300" /><testcase classname="tests.test_growth_catalog" name="test_catalog_import_is_hash_bound_and_idempotent" time="1.186" /><testcase classname="tests.test_growth_catalog" name="test_catalog_import_blocks_named_no_monitoring_entity_before_storage" time="1.101" /><testcase classname="tests.test_growth_catalog" name="test_catalog_import_replaces_robots_disallowed_legacy_land_route" time="1.433" /><testcase classname="tests.test_growth_catalog" name="test_land_public_html_route_and_listing_permalink_are_classified" time="0.850" /><testcase classname="tests.test_growth_catalog" name="test_scanner_uses_db_catalog_and_records_real_attempt" time="1.155" /><testcase classname="tests.test_growth_processing_pipeline" name="test_hash_bound_quality_gate_blocks_every_public_route_without_image" time="0.855" /><testcase classname="tests.test_growth_processing_pipeline" name="test_legacy_text_only_payload_conflicts_with_the_new_image_bound_identity" time="0.915" /><testcase classname="tests.test_growth_processing_pipeline" name="test_unavailable_publication_route_does_not_block_the_available_route[facebook-facebook-SKIPPED_ROUTE_NOT_AVAILABLE-QUEUED]" time="0.851" /><testcase classname="tests.test_growth_processing_pipeline" name="test_unavailable_publication_route_does_not_block_the_available_route[nim_cms-nim_cms-QUEUED-SKIPPED_ROUTE_NOT_AVAILABLE]" time="0.881" /><testcase classname="tests.test_growth_processing_pipeline" name="test_source_extraction_accepts_only_literal_evidence" time="0.920" /><testcase classname="tests.test_growth_processing_pipeline" name="test_source_extraction_deduplicates_repeated_leads_before_flush" time="1.143" /><testcase classname="tests.test_growth_processing_pipeline" name="test_question_permalink_is_preserved_only_for_exact_forum_candidate" time="1.187" /><testcase classname="tests.test_growth_processing_pipeline" name="test_joszaki_profession_category_is_not_treated_as_a_question_permalink" time="1.465" /><testcase classname="tests.test_growth_processing_pipeline" name="test_qjob_card_label_is_evidence_and_creates_one_brand_reply" time="1.189" /><testcase classname="tests.test_growth_processing_pipeline" name="test_qjob_lead_requires_and_preserves_exact_task_permalink" time="1.161" /><testcase classname="tests.test_growth_processing_pipeline" name="test_purchase_signal_lead_is_also_retained_in_question_radar" time="1.124" /><testcase classname="tests.test_growth_processing_pipeline" name="test_question_radar_rejects_category_url_as_exact_question" time="0.957" /><testcase classname="tests.test_growth_processing_pipeline" name="test_source_model_error_keeps_verified_purchase_signal" time="1.065" /><testcase classname="tests.test_growth_processing_pipeline" name="test_question_answer_generator_quarantines_exact_artifact" time="0.878" /><testcase classname="tests.test_growth_processing_pipeline" name="test_construction_marketplace_rejects_accounting_question" time="1.095" /><testcase classname="tests.test_growth_processing_pipeline" name="test_construction_marketplace_retains_general_building_question_for_content" time="1.019" /><testcase classname="tests.test_growth_processing_pipeline" name="test_ineligible_question_is_committed_and_not_reprocessed" time="0.969" /><testcase classname="tests.test_growth_processing_pipeline" name="test_question_answer_generator_skips_topic_reserved_by_another_worker" time="1.419" /><testcase classname="tests.test_growth_processing_pipeline" name="test_publication_digest_includes_hash_bound_blocked_forum_draft" time="1.319" /><testcase classname="tests.test_growth_processing_pipeline" name="test_publication_digest_allow_gate_is_not_mistaken_for_kill_switch" time="1.132" /><testcase classname="tests.test_growth_processing_pipeline" name="test_internal_digest_uses_no_arg_guard_without_first_contact_quota" time="0.997" /><testcase classname="tests.test_growth_processing_pipeline" name="test_publication_digest_contains_every_quarantined_forum_draft" time="0.969" /><testcase classname="tests.test_growth_processing_pipeline" name="test_publication_digest_15_second_worker_loop_calls_gmail_exactly_once" time="1.067" /><testcase classname="tests.test_growth_processing_pipeline" name="test_publication_digest_ambiguous_delivery_is_held_without_blind_retry" time="1.152" /><testcase classname="tests.test_growth_processing_pipeline" name="test_publication_digest_enforces_recipient_rolling_24_hour_hard_gate" time="1.024" /><testcase classname="tests.test_growth_processing_pipeline" name="test_andrea_hard_gate_counts_every_system_summary_type" time="0.974" /><testcase classname="tests.test_growth_processing_pipeline" name="test_failed_internal_summary_is_quarantined_without_transport_retry" time="1.007" /><testcase classname="tests.test_growth_processing_pipeline" name="test_source_hard_gate_blocks_before_model" time="1.120" /><testcase classname="tests.test_growth_processing_pipeline" name="test_anonymous_project_is_retained_but_inferred_question_is_rejected" time="1.018" /><testcase classname="tests.test_growth_processing_pipeline" name="test_content_factory_quarantines_all_nineteen_brands" time="1.224" /><testcase classname="tests.test_growth_processing_pipeline" name="test_content_factory_recovery_package_is_valid_for_every_brand" time="0.983" /><testcase classname="tests.test_growth_processing_pipeline" name="test_internal_handoff_is_fixed_recipient_and_idempotent" time="0.833" /><testcase classname="tests.test_growth_processing_pipeline" name="test_source_extraction_retries_one_transient_model_failure" time="0.845" /><testcase classname="tests.test_growth_runtime_hotfixes" name="test_question_radar_expands_multi_brand_routes" time="0.815" /><testcase classname="tests.test_growth_runtime_hotfixes" name="test_question_radar_preserves_known_brand_aliases" time="0.975" /><testcase classname="tests.test_publication_integrity.PermalinkTests" name="test_accepts_specific_https_post" time="0.910" /><testcase classname="tests.test_publication_integrity.PermalinkTests" name="test_listing_candidate_must_be_literal_and_same_site" time="0.939" /><testcase classname="tests.test_publication_integrity.PermalinkTests" name="test_rejects_listing_and_search_urls" time="0.833" /><testcase classname="tests.test_publication_integrity.PermalinkTests" name="test_relative_permalink_is_resolved_and_must_be_observed" time="0.906" /><testcase classname="tests.test_publication_integrity.ContentIsolationTests" name="test_one_brand_failure_does_not_block_other_brand" time="0.838" /><testcase classname="tests.test_publication_integrity.ContentIsolationTests" name="test_unsupplied_source_is_rejected" time="0.888" /><testcase classname="tests.test_publication_integrity.DailyGateTests" name="test_18_of_19_can_never_be_healthy" time="0.830" /><testcase classname="tests.test_publication_integrity.DailyGateTests" name="test_all_verified_is_healthy" time="0.918" /><testcase classname="tests.test_publication_integrity.DailyGateTests" name="test_duplicate_observation_blocks_green_status" time="0.982" /><testcase classname="tests.test_publication_integrity.DailyGateTests" name="test_missing_image_blocks_green_status" time="0.864" /><testcase classname="tests.test_publication_delivery" name="test_publication_delivery_claim_receipt_retry_and_idempotency" time="0.849" /><testcase classname="tests.test_publication_delivery" name="test_pause_targets_prior_delivery_and_dead_letter_can_be_requeued" time="0.745" /><testcase classname="tests.test_publication_delivery" name="test_delivery_operator_page_and_internal_adapter_api" time="1.499" /><testcase classname="tests.test_autonomous_publishing" name="test_submission_is_durable_idempotent_and_payload_bound" time="0.767" /><testcase classname="tests.test_autonomous_publishing" name="test_readiness_keeps_serving_with_a_fresh_degraded_daily_gate" time="0.896" /><testcase classname="tests.test_autonomous_publishing" name="test_readiness_still_rejects_a_stale_degraded_worker" time="0.789" /><testcase classname="tests.test_autonomous_publishing" name="test_nim_daily_gate_accepts_native_featured_image_readback" time="1.025" /><testcase classname="tests.test_autonomous_publishing" name="test_public_channels_reject_missing_image_payload[wordpress-WordPress HTTPS media.url is required]" time="1.023" /><testcase classname="tests.test_autonomous_publishing" name="test_public_channels_reject_missing_image_payload[facebook-facebook image_factory or HTTPS image_url is required]" time="0.883" /><testcase classname="tests.test_autonomous_publishing" name="test_public_channels_reject_missing_image_payload[instagram-instagram image_factory or HTTPS image_url is required]" time="1.213" /><testcase classname="tests.test_autonomous_publishing" name="test_submission_conflict_is_fail_closed" time="1.202" /><testcase classname="tests.test_autonomous_publishing" name="test_web_first_readback_then_social_then_attribution" time="1.652" /><testcase classname="tests.test_autonomous_publishing" name="test_partial_failure_rolls_back_in_reverse_and_queues_retry" time="1.828" /><testcase classname="tests.test_autonomous_publishing" name="test_partial_failure_after_final_attempt_routes_terminal_exception" time="2.148" /><testcase classname="tests.test_autonomous_publishing" name="test_gate_block_creates_exception_but_pass_job_does_not" time="0.926" /><testcase classname="tests.test_autonomous_publishing" name="test_fail_closed_scenario_matrix[missing_gate]" time="1.069" /><testcase classname="tests.test_autonomous_publishing" name="test_fail_closed_scenario_matrix[review_gate]" time="1.036" /><testcase classname="tests.test_autonomous_publishing" name="test_fail_closed_scenario_matrix[block_gate]" time="1.159" /><testcase classname="tests.test_autonomous_publishing" name="test_fail_closed_scenario_matrix[expired_claim]" time="0.991" /><testcase classname="tests.test_autonomous_publishing" name="test_fail_closed_scenario_matrix[expired_price]" time="0.987" /><testcase classname="tests.test_autonomous_publishing" name="test_fail_closed_scenario_matrix[expired_offer]" time="0.973" /><testcase classname="tests.test_autonomous_publishing" name="test_fail_closed_scenario_matrix[expired_terms]" time="0.859" /><testcase classname="tests.test_autonomous_publishing" name="test_fail_closed_scenario_matrix[bad_token]" time="0.982" /><testcase classname="tests.test_autonomous_publishing" name="test_fail_closed_scenario_matrix[revoked_permission]" time="0.911" /><testcase classname="tests.test_autonomous_publishing" name="test_fail_closed_scenario_matrix[http_429]" time="0.914" /><testcase classname="tests.test_autonomous_publishing" name="test_fail_closed_scenario_matrix[http_5xx]" time="0.882" /><testcase classname="tests.test_autonomous_publishing" name="test_fail_closed_scenario_matrix[readback_mismatch]" time="0.894" /><testcase classname="tests.test_autonomous_publishing" name="test_fail_closed_scenario_matrix[bad_canonical]" time="0.889" /><testcase classname="tests.test_autonomous_publishing" name="test_fail_closed_scenario_matrix[social_after_web_failure]" time="0.811" /><testcase classname="tests.test_autonomous_publishing" name="test_fail_closed_scenario_matrix[reverse_rollback]" time="1.019" /><testcase classname="tests.test_autonomous_publishing" name="test_fail_closed_scenario_matrix[rollback_failure]" time="0.897" /><testcase classname="tests.test_autonomous_publishing" name="test_fail_closed_scenario_matrix[andi_exception]" time="0.934" /><testcase classname="tests.test_autonomous_publishing" name="test_fail_closed_scenario_matrix[forum_policy_block]" time="0.861" /><testcase classname="tests.test_autonomous_publishing" name="test_fail_closed_scenario_matrix[forum_draft_only]" time="0.862" /><testcase classname="tests.test_autonomous_publishing" name="test_fail_closed_scenario_matrix[concurrent_idempotency]" time="0.889" /><testcase classname="tests.test_autonomous_publishing" name="test_fail_closed_scenario_matrix[queue_replay]" time="0.854" /><testcase classname="tests.test_autonomous_publishing" name="test_fail_closed_scenario_matrix[schema_error]" time="1.075" /><testcase classname="tests.test_autonomous_publishing" name="test_fail_closed_scenario_matrix[analytics_attribution]" time="0.876" /><testcase classname="tests.test_autonomous_publishing" name="test_fail_closed_scenario_matrix[crm_attribution]" time="0.868" /><testcase classname="tests.test_autonomous_publishing" name="test_fail_closed_scenario_matrix[wrong_brand]" time="0.908" /><testcase classname="tests.test_autonomous_publishing" name="test_fail_closed_scenario_matrix[wrong_cms_route]" time="0.822" /><testcase classname="tests.test_autonomous_publishing" name="test_fail_closed_scenario_matrix[nim_no_wordpress_fallback]" time="1.101" /><testcase classname="tests.test_autonomous_publishing" name="test_fail_closed_scenario_matrix[missing_visual]" time="1.275" /><testcase classname="tests.test_autonomous_publishing" name="test_fail_closed_scenario_matrix[bad_mime]" time="0.967" /><testcase classname="tests.test_autonomous_publishing" name="test_fail_closed_scenario_matrix[oversized_media]" time="0.843" /><testcase classname="tests.test_autonomous_publishing" name="test_fail_closed_scenario_matrix[instagram_timeout]" time="0.716" /><testcase classname="tests.test_autonomous_publishing" name="test_fail_closed_scenario_matrix[token_expiration]" time="0.760" /><testcase classname="tests.test_autonomous_publishing" name="test_fail_closed_scenario_matrix[missing_secret_reference]" time="0.661" /><testcase classname="tests.test_autonomous_publishing" name="test_fail_closed_scenario_matrix[database_reconnect]" time="0.750" /><testcase classname="tests.test_autonomous_publishing" name="test_fail_closed_scenario_matrix[queue_reconnect]" time="0.702" /><testcase classname="tests.test_autonomous_publishing" name="test_fail_closed_scenario_matrix[event_retry]" time="0.712" /><testcase classname="tests.test_autonomous_publishing" name="test_fail_closed_scenario_matrix[dead_letter]" time="0.797" /><testcase classname="tests.test_autonomous_publishing" name="test_fail_closed_scenario_matrix[manual_replay]" time="0.743" /><testcase classname="tests.test_autonomous_publishing" name="test_fail_closed_scenario_matrix[scheduled_publish]" time="0.825" /><testcase classname="tests.test_autonomous_publishing" name="test_fail_closed_scenario_matrix[content_update]" time="0.886" /><testcase classname="tests.test_autonomous_publishing" name="test_fail_closed_scenario_matrix[content_withdrawal]" time="0.927" /><testcase classname="tests.test_autonomous_publishing" name="test_fail_closed_scenario_matrix[multi_channel_partial_failure]" time="1.027" /><testcase classname="tests.test_autonomous_publishing" name="test_fail_closed_scenario_matrix[full_rollback]" time="0.842" /><testcase classname="tests.test_autonomous_publishing" name="test_fail_closed_scenario_matrix[duplicate_channel]" time="0.977" /><testcase classname="tests.test_autonomous_publishing" name="test_fail_closed_scenario_matrix[future_gate]" time="0.759" /><testcase classname="tests.test_autonomous_publishing" name="test_fail_closed_scenario_matrix[missing_cta]" time="0.824" /><testcase classname="tests.test_autonomous_publishing" name="test_fail_closed_scenario_matrix[bad_slug]" time="0.746" /><testcase classname="tests.test_autonomous_publishing" name="test_fail_closed_scenario_matrix[release_hash_mismatch]" time="0.787" /><testcase classname="tests.test_autonomous_publishing" name="test_fail_closed_scenario_matrix[parallel_cms]" time="0.790" /><testcase classname="tests.test_autonomous_publishing" name="test_fail_closed_scenario_matrix[unknown_channel]" time="0.767" /><testcase classname="tests.test_growth_email_delivery_scope" name="test_missing_delivery_scope_fails_closed" time="0.804" /><testcase classname="tests.test_growth_email_delivery_scope" name="test_unknown_delivery_scope_fails_closed" time="0.756" /><testcase classname="tests.test_growth_email_delivery_scope" name="test_external_customer_rejects_attachments_before_transport" time="0.805" /><testcase classname="tests.test_growth_email_delivery_scope" name="test_external_customer_smtp_is_rejected_before_transport" time="0.753" /><testcase classname="tests.test_growth_email_delivery_scope" name="test_external_customer_rejects_complete_foreign_brand_inventory[RED Property]" time="0.829" /><testcase classname="tests.test_growth_email_delivery_scope" name="test_external_customer_rejects_complete_foreign_brand_inventory[Imperial Intelligence]" time="0.818" /><testcase classname="tests.test_growth_email_delivery_scope" name="test_external_customer_rejects_complete_foreign_brand_inventory[CasaModerna]" time="0.813" /><testcase classname="tests.test_growth_email_delivery_scope" name="test_external_customer_rejects_complete_foreign_brand_inventory[danishfabrik.hu]" time="0.691" /><testcase classname="tests.test_growth_email_delivery_scope" name="test_external_customer_rejects_complete_foreign_brand_inventory[REDProperty]" time="0.678" /><testcase classname="tests.test_growth_email_delivery_scope" name="test_external_customer_rejects_complete_foreign_brand_inventory[EverydayHomes]" time="0.827" /><testcase classname="tests.test_growth_email_delivery_scope" name="test_external_customer_rejects_complete_foreign_brand_inventory[VentureStudio]" time="0.724" /><testcase classname="tests.test_growth_email_delivery_scope" name="test_external_customer_rejects_complete_foreign_brand_inventory[FamilyHomes]" time="0.911" /><testcase classname="tests.test_growth_email_delivery_scope" name="test_external_customer_rejects_complete_foreign_brand_inventory[ImperialConstruction]" time="0.743" /><testcase classname="tests.test_growth_email_delivery_scope" name="test_external_customer_rejects_complete_foreign_brand_inventory[ImperialIntelligence]" time="0.666" /><testcase classname="tests.test_growth_email_delivery_scope" name="test_external_customer_rejects_complete_foreign_brand_inventory[ImperialTechnologies]" time="0.685" /><testcase classname="tests.test_growth_email_delivery_scope" name="test_external_customer_rejects_complete_foreign_brand_inventory[ImperialKnowledge]" time="0.682" /><testcase classname="tests.test_growth_email_delivery_scope" name="test_external_customer_rejects_complete_foreign_brand_inventory[VeritasConstruct]" time="0.621" /><testcase classname="tests.test_growth_email_delivery_scope" name="test_external_customer_requires_own_brand_identity" time="0.651" /><testcase classname="tests.test_growth_email_delivery_scope" name="test_external_header_and_obfuscated_brand_gates_run_before_transport[changes0-recipient_email_must_be_one_canonical_addr_spec_no_send]" time="0.684" /><testcase classname="tests.test_growth_email_delivery_scope" name="test_external_header_and_obfuscated_brand_gates_run_before_transport[changes1-cross_brand_customer_facing_content_no_send]" time="0.690" /><testcase classname="tests.test_growth_email_delivery_scope" name="test_external_header_and_obfuscated_brand_gates_run_before_transport[changes2-outbound_recipient_hard_gate_no_send:BLOCK_LEIER_INCIDENT_CONTAINMENT]" time="0.788" /><testcase classname="tests.test_growth_email_delivery_scope" name="test_external_header_and_obfuscated_brand_gates_run_before_transport[changes3-outbound_recipient_hard_gate_no_send:BLOCK_LEIER_INCIDENT_CONTAINMENT]" time="0.820" /><testcase classname="tests.test_growth_email_delivery_scope" name="test_external_header_and_obfuscated_brand_gates_run_before_transport[changes4-cross_brand_customer_facing_content_no_send]" time="0.826" /><testcase classname="tests.test_growth_email_delivery_scope" name="test_external_header_and_obfuscated_brand_gates_run_before_transport[changes5-cross_brand_customer_facing_content_no_send]" time="0.692" /><testcase classname="tests.test_growth_email_delivery_scope" name="test_external_header_and_obfuscated_brand_gates_run_before_transport[changes6-cross_brand_customer_facing_content_no_send]" time="0.675" /><testcase classname="tests.test_growth_email_delivery_scope" name="test_external_header_and_obfuscated_brand_gates_run_before_transport[changes7-cross_brand_customer_facing_content_no_send]" time="0.694" /><testcase classname="tests.test_growth_email_delivery_scope" name="test_external_address_headers_require_one_exact_addr_spec[changes0]" time="0.868" /><testcase classname="tests.test_growth_email_delivery_scope" name="test_external_address_headers_require_one_exact_addr_spec[changes1]" time="0.660" /><testcase classname="tests.test_growth_email_delivery_scope" name="test_external_sender_requires_one_exact_addr_spec" time="0.677" /><testcase classname="tests.test_growth_email_delivery_scope" name="test_external_gmail_requires_read_scope_before_network" time="0.696" /><testcase classname="tests.test_growth_email_delivery_scope" name="test_external_gmail_exact_sent_readback_roundtrip" time="0.675" /><testcase classname="tests.test_growth_email_delivery_scope" name="test_external_gmail_uses_no_rolling_sent_scan_and_calls_no_arg_quota_guard" time="0.770" /><testcase classname="tests.test_growth_email_delivery_scope" name="test_external_gmail_daily_quota_guard_failure_is_before_post" time="0.662" /><testcase classname="tests.test_growth_email_delivery_scope" name="test_external_gmail_requires_account_quota_guard_before_post" time="0.611" /><testcase classname="tests.test_growth_email_delivery_scope" name="test_external_gmail_requires_https_unsubscribe_before_network" time="0.718" /><testcase classname="tests.test_growth_email_delivery_scope" name="test_external_gmail_rfc8058_readback_tamper_is_held[mismatched_list_unsubscribe]" time="0.669" /><testcase classname="tests.test_growth_email_delivery_scope" name="test_external_gmail_rfc8058_readback_tamper_is_held[mismatched_list_unsubscribe_post]" time="0.730" /><testcase classname="tests.test_growth_email_delivery_scope" name="test_external_gmail_rechecks_guard_immediately_before_send_post" time="0.690" /><testcase classname="tests.test_growth_email_delivery_scope" name="test_external_gmail_authoritative_window_guard_runs_before_send_post" time="0.652" /><testcase classname="tests.test_growth_email_delivery_scope" name="test_external_gmail_all_day_window_allows_1930_pre_post" time="0.650" /><testcase classname="tests.test_growth_email_delivery_scope" name="test_external_gmail_inverted_partial_window_fails_closed" time="0.593" /><testcase classname="tests.test_growth_email_delivery_scope" name="test_external_gmail_rechecks_authoritative_clock_after_capacity_guard" time="0.642" /><testcase classname="tests.test_growth_email_delivery_scope" name="test_external_gmail_requires_immediate_pre_send_guard" time="0.616" /><testcase classname="tests.test_growth_email_delivery_scope" name="test_external_gmail_profile_sender_mismatch_stops_before_send" time="0.634" /><testcase classname="tests.test_growth_email_delivery_scope" name="test_external_gmail_live_preflight_refreshes_and_matches_profile" time="0.666" /><testcase classname="tests.test_growth_email_delivery_scope" name="test_external_gmail_live_preflight_rejects_profile_mismatch" time="0.601" /><testcase classname="tests.test_growth_email_delivery_scope" name="test_external_gmail_live_preflight_rejects_missing_actual_read_scope" time="0.720" /><testcase classname="tests.test_growth_email_delivery_scope" name="test_external_gmail_existing_exact_sent_is_reused_without_second_post" time="0.643" /><testcase classname="tests.test_growth_email_delivery_scope" name="test_external_gmail_unverifiable_post_is_never_retry_safe[missing_sent]" time="0.604" /><testcase classname="tests.test_growth_email_delivery_scope" name="test_external_gmail_unverifiable_post_is_never_retry_safe[mismatched_body]" time="0.645" /><testcase classname="tests.test_growth_email_delivery_scope" name="test_external_gmail_unverifiable_post_is_never_retry_safe[unexpected_cc]" time="0.609" /><testcase classname="tests.test_growth_email_delivery_scope" name="test_external_gmail_existing_mismatch_blocks_without_second_post" time="0.639" /><testcase classname="tests.test_growth_email_delivery_scope" name="test_external_gmail_post_transport_ambiguity_is_held_and_never_retry_safe" time="0.697" /><testcase classname="tests.test_growth_email_delivery_scope" name="test_external_gmail_post_timeout_or_server_error_is_held_without_resend[408]" time="0.651" /><testcase classname="tests.test_growth_email_delivery_scope" name="test_external_gmail_post_timeout_or_server_error_is_held_without_resend[500]" time="0.698" /><testcase classname="tests.test_growth_email_delivery_scope" name="test_external_gmail_post_response_protocol_errors_are_ambiguous[incomplete_read]" time="0.642" /><testcase classname="tests.test_growth_email_delivery_scope" name="test_external_gmail_post_response_protocol_errors_are_ambiguous[invalid_utf8]" time="0.632" /><testcase classname="tests.test_growth_email_delivery_scope" name="test_external_gmail_post_readback_protocol_errors_are_ambiguous[readback_incomplete]" time="0.818" /><testcase classname="tests.test_growth_email_delivery_scope" name="test_external_gmail_post_readback_protocol_errors_are_ambiguous[readback_invalid_utf8]" time="0.721" /><testcase classname="tests.test_growth_email_delivery_scope" name="test_external_gmail_existing_readback_protocol_errors_do_not_second_post[readback_incomplete]" time="0.688" /><testcase classname="tests.test_growth_email_delivery_scope" name="test_external_gmail_existing_readback_protocol_errors_do_not_second_post[readback_invalid_utf8]" time="0.651" /><testcase classname="tests.test_growth_email_delivery_scope" name="test_external_gmail_pre_send_search_failure_does_not_claim_acceptance" time="0.680" /><testcase classname="tests.test_growth_email_delivery_scope" name="test_internal_info_account_requires_gmail_oauth" time="0.742" /><testcase classname="tests.test_growth_email_delivery_scope" name="test_internal_gmail_uses_account_guard_without_external_window" time="0.648" /><testcase classname="tests.test_growth_email_delivery_scope" name="test_internal_gmail_attachment_readback_mismatch_is_held" time="0.685" /><testcase classname="tests.test_growth_email_delivery_scope" name="test_internal_scope_rejects_noncorporate_delivery[binding0-vezetes@imperialholding.hu-internal_sender_brand_binding_mismatch_no_send]" time="0.644" /><testcase classname="tests.test_growth_email_delivery_scope" name="test_internal_scope_rejects_noncorporate_delivery[binding1-partner@example.test-internal_recipient_domain_no_send]" time="0.657" /><testcase classname="tests.test_growth_email_delivery_scope" name="test_internal_scope_rejects_noncorporate_delivery[binding2-info@leier.hu-outbound_recipient_hard_gate_no_send:BLOCK_LEIER_INCIDENT_CONTAINMENT]" time="0.661" /><testcase classname="tests.test_growth_email_delivery_scope" name="test_internal_smtp_binding_uses_normalized_imperial_brand_id" time="0.624" /><testcase classname="tests.test_canonical_growth_wide" name="test_owner_locked_first_contact_registry_replaces_the_generic_anchor" time="0.906" /><testcase classname="tests.test_canonical_growth_wide" name="test_owner_locked_land_offers_are_distinct_and_required" time="0.635" /><testcase classname="tests.test_canonical_growth_wide" name="test_named_no_monitoring_hard_gate_blocks_before_storage" time="0.693" /><testcase classname="tests.test_canonical_growth_wide" name="test_iora_is_internal_only_even_when_contact_fields_exist" time="0.678" /><testcase classname="tests.test_canonical_growth_wide" name="test_daily_wide_run_creates_all_brand_obligations_and_fails_closed" time="0.706" /><testcase classname="tests.test_canonical_growth_wide" name="test_quality_first_daily_gate_has_no_lead_quota" time="0.678" /><testcase classname="tests.test_canonical_growth_wide" name="test_daily_wide_route_attempts_exclude_managed_land_route_set" time="0.646" /><testcase classname="tests.test_canonical_growth_wide" name="test_deepseek_json_requests_disable_default_thinking" time="0.804" /><testcase classname="tests.test_public_land_pipeline" name="test_exact_owner_listing_queues_once_and_persists_field_evidence" time="0.708" /><testcase classname="tests.test_public_land_pipeline" name="test_renderable_agent_queues_without_property_location_size_or_affiliation" time="0.667" /><testcase classname="tests.test_public_land_pipeline" name="test_renderable_owner_queues_without_explicit_property_type" time="0.758" /><testcase classname="tests.test_public_land_pipeline" name="test_land_initial_messages_have_isolated_unsubscribe_tokens" time="0.723" /><testcase classname="tests.test_public_land_pipeline" name="test_sent_land_message_never_schedules_a_followup" time="0.881" /><testcase classname="tests.test_public_land_pipeline" name="test_listing_agent_url_and_manifest_tamper_invalidate_release_before_provider[listing_url]" time="0.672" /><testcase classname="tests.test_public_land_pipeline" name="test_listing_agent_url_and_manifest_tamper_invalidate_release_before_provider[evidence_manifest]" time="0.625" /><testcase classname="tests.test_public_land_pipeline" name="test_dh_double_json_adapter_requires_unique_identity_bound_payload" time="0.649" /><testcase classname="tests.test_public_land_pipeline" name="test_dh_structured_agent_email_queues_without_rendered_contact_and_ignores_footer" time="0.675" /><testcase classname="tests.test_public_land_pipeline" name="test_dh_malformed_or_ambiguous_structured_agent_email_stays_blocked[not-an-email]" time="0.624" /><testcase classname="tests.test_public_land_pipeline" name="test_dh_malformed_or_ambiguous_structured_agent_email_stays_blocked[structured_email1]" time="0.634" /><testcase classname="tests.test_public_land_pipeline" name="test_dh_malformed_or_ambiguous_structured_agent_email_stays_blocked[first@example.test,second@example.test]" time="0.599" /><testcase classname="tests.test_public_land_pipeline" name="test_dh_duplicate_structured_agent_email_key_is_rejected" time="0.618" /><testcase classname="tests.test_public_land_pipeline" name="test_ingatlannet_next_data_adapter_binds_owner_and_rendered_listing" time="0.802" /><testcase classname="tests.test_public_land_pipeline" name="test_structured_role_label_is_not_persisted_as_recipient_name[dh]" time="0.824" /><testcase classname="tests.test_public_land_pipeline" name="test_structured_role_label_is_not_persisted_as_recipient_name[ingatlannet]" time="0.800" /><testcase classname="tests.test_public_land_pipeline" name="test_ingatlannet_structured_private_owner_role_queues_owner_template" time="0.743" /><testcase classname="tests.test_public_land_pipeline" name="test_missing_or_ambiguous_listing_fields_fail_closed[\n    &lt;html&gt;&lt;body&gt;\n      &lt;h1&gt;Elad\xf3 \xe9p\xedt\xe9si telek&lt;/h1&gt;\n      &lt;section&gt;\n        &lt;dl&gt;\n          &lt;dt&gt;Tulajdonos&lt;/dt&gt;&lt;dd&gt;Kov\xe1cs P\xe9ter&lt;/dd&gt;\n          &lt;dt&gt;Telep\xfcl\xe9s&lt;/dt&gt;&lt;dd&gt;S\xfclys\xe1p&lt;/dd&gt;\n          &lt;dt&gt;Telek m\xe9rete&lt;/dt&gt;&lt;dd&gt;605 m\xb2&lt;/dd&gt;\n          &lt;dt&gt;E-mail&lt;/dt&gt;\n          &lt;dd&gt;&lt;/dd&gt;\n        &lt;/dl&gt;\n      &lt;/section&gt;\n      \n    &lt;/body&gt;&lt;/html&gt;\n    -recipient_email_missing]" time="0.784" /><testcase classname="tests.test_public_land_pipeline" name="test_missing_or_ambiguous_listing_fields_fail_closed[\n    &lt;html&gt;&lt;body&gt;\n      &lt;h1&gt;Elad\xf3 \xe9p\xedt\xe9si telek&lt;/h1&gt;\n      &lt;section&gt;\n        &lt;dl&gt;\n          &lt;dt&gt;Kapcsolattart\xf3&lt;/dt&gt;&lt;dd&gt;Kov\xe1cs P\xe9ter&lt;/dd&gt;\n          &lt;dt&gt;Telep\xfcl\xe9s&lt;/dt&gt;&lt;dd&gt;S\xfclys\xe1p&lt;/dd&gt;\n          &lt;dt&gt;Telek m\xe9rete&lt;/dt&gt;&lt;dd&gt;605 m\xb2&lt;/dd&gt;\n          &lt;dt&gt;E-mail&lt;/dt&gt;\n          &lt;dd&gt;&lt;a href=&quot;mailto:kovacs.peter@example.test&quot;&gt;E-mail&lt;/a&gt;&lt;/dd&gt;\n        &lt;/dl&gt;\n      &lt;/section&gt;\n      \n    &lt;/body&gt;&lt;/html&gt;\n    -recipient_role_missing]" time="0.724" /><testcase classname="tests.test_public_land_pipeline" name="test_ambiguous_name_uses_owner_role_salutation_without_persisting_a_name" time="0.678" /><testcase classname="tests.test_public_land_pipeline" name="test_contact_block_role_email_wins_over_unrelated_conflicting_page_role" time="0.726" /><testcase classname="tests.test_public_land_pipeline" name="test_name_from_separate_block_does_not_bind_and_agent_role_salutation_is_used" time="0.874" /><testcase classname="tests.test_public_land_pipeline" name="test_unrelated_incomplete_contact_block_does_not_veto_complete_owner_binding" time="0.937" /><testcase classname="tests.test_public_land_pipeline" name="test_distinct_email_punctuation_is_not_collapsed_during_contact_binding[agent.one@example.test-agent-one@example.test]" time="0.782" /><testcase classname="tests.test_public_land_pipeline" name="test_distinct_email_punctuation_is_not_collapsed_during_contact_binding[agent+one@example.test-agent_one@example.test]" time="0.705" /><testcase classname="tests.test_public_land_pipeline" name="test_duplicate_responsive_contact_blocks_preserve_positive_exclusions[-&lt;dt&gt;H\xe1l\xf3zat&lt;/dt&gt;&lt;dd&gt;GDN Ingatlanh\xe1l\xf3zat&lt;/dd&gt;-land_agent_gdn_network_hard_gate]" time="0.736" /><testcase classname="tests.test_public_land_pipeline" name="test_duplicate_responsive_contact_blocks_preserve_positive_exclusions[&lt;dt&gt;H\xe1l\xf3zat&lt;/dt&gt;&lt;dd&gt;Otthon Centrum&lt;/dd&gt;-&lt;dt&gt;Iroda&lt;/dt&gt;&lt;dd&gt;Bem rakpart&lt;/dd&gt;-land_agent_otthon_centrum_ii_xii_office_hard_gate]" time="0.698" /><testcase classname="tests.test_public_land_pipeline" name="test_duplicate_responsive_contact_blocks_preserve_positive_exclusions[-&lt;dt&gt;H\xe1l\xf3zat&lt;/dt&gt;&lt;dd&gt;Homes4you&lt;/dd&gt;-no_monitoring_hard_gate_blocked]" time="0.693" /><testcase classname="tests.test_public_land_pipeline" name="test_forbidden_footer_facts_do_not_render_owner_template_or_reach_provider" time="0.728" /><testcase classname="tests.test_public_land_pipeline" name="test_contact_binding_accepts_visible_labeled_email_but_rejects_footer_mailto" time="0.681" /><testcase classname="tests.test_public_land_pipeline" name="test_broad_ancestor_never_cross_binds_recipient_contact_evidence[footer]" time="0.799" /><testcase classname="tests.test_public_land_pipeline" name="test_broad_ancestor_never_cross_binds_recipient_contact_evidence[nested_sibling]" time="0.673" /><testcase classname="tests.test_public_land_pipeline" name="test_broad_ancestor_never_cross_binds_recipient_contact_evidence[direct_section_sibling]" time="0.732" /><testcase classname="tests.test_public_land_pipeline" name="test_broad_ancestor_never_cross_binds_recipient_contact_evidence[direct_parent_nested_email]" time="0.715" /><testcase classname="tests.test_public_land_pipeline" name="test_broad_ancestor_never_cross_binds_recipient_contact_evidence[agent_affiliation_sibling]" time="0.756" /><testcase classname="tests.test_public_land_pipeline" name="test_hidden_contact_stays_blocked_but_extra_listing_fields_are_optional" time="0.887" /><testcase classname="tests.test_public_land_pipeline" name="test_http_200_tombstone_is_ineligible" time="0.713" /><testcase classname="tests.test_public_land_pipeline" name="test_blocked_agent_is_not_stored_or_queued" time="0.796" /><testcase classname="tests.test_public_land_pipeline" name="test_direct_public_land_ingest_requires_complete_url_bound_evidence" time="0.673" /><testcase classname="tests.test_public_land_pipeline" name="test_evidence_manifest_tamper_blocks_before_provider" time="0.816" /><testcase classname="tests.test_public_land_pipeline" name="test_signed_land_metadata_requires_unchanged_land_classification_before_provider[signal_type]" time="0.743" /><testcase classname="tests.test_public_land_pipeline" name="test_signed_land_metadata_requires_unchanged_land_classification_before_provider[contact_basis]" time="0.774" /><testcase classname="tests.test_public_land_pipeline" name="test_dynamic_html_hash_change_passes_exact_live_fields_and_is_audited" time="0.830" /><testcase classname="tests.test_public_land_pipeline" name="test_successful_dispatch_persists_attested_live_receipt" time="0.728" /><testcase classname="tests.test_public_land_pipeline" name="test_live_refetch_change_blocks_dispatch_before_smtp" time="0.784" /><testcase classname="tests.test_public_land_pipeline" name="test_live_positive_affiliation_promotion_blocks_before_provider[&lt;dt&gt;H\xe1l\xf3zat&lt;/dt&gt;&lt;dd&gt;GDN Ingatlanh\xe1l\xf3zat&lt;/dd&gt;-land_agent_gdn_network_hard_gate]" time="0.895" /><testcase classname="tests.test_public_land_pipeline" name="test_live_positive_affiliation_promotion_blocks_before_provider[&lt;dt&gt;H\xe1l\xf3zat&lt;/dt&gt;&lt;dd&gt;Otthon Centrum&lt;/dd&gt;&lt;dt&gt;Iroda&lt;/dt&gt;&lt;dd&gt;Bem rakpart&lt;/dd&gt;-land_agent_otthon_centrum_ii_xii_office_hard_gate]" time="1.015" /><testcase classname="tests.test_public_land_pipeline" name="test_live_positive_affiliation_promotion_blocks_before_provider[&lt;dt&gt;H\xe1l\xf3zat&lt;/dt&gt;&lt;dd&gt;Homes4you&lt;/dd&gt;-no_monitoring_hard_gate_blocked]" time="1.220" /><testcase classname="tests.test_public_land_pipeline" name="test_live_refetch_unavailable_blocks_dispatch_before_smtp" time="1.347" /><testcase classname="tests.test_public_land_pipeline" name="test_live_refetch_accepts_unchanged_complete_evidence" time="1.006" /><testcase classname="tests.test_public_land_pipeline" name="test_live_refetch_requires_complete_persisted_evidence" time="0.974" /><testcase classname="tests.test_public_land_pipeline" name="test_production_writes_require_only_exact_approved_writes_token" time="0.959" /><testcase classname="tests.test_public_land_pipeline" name="test_invalid_canary_cap_configuration_fails_closed[4]" time="1.209" /><testcase classname="tests.test_public_land_pipeline" name="test_invalid_canary_cap_configuration_fails_closed[not-an-integer]" time="1.296" /><testcase classname="tests.test_public_land_pipeline" name="test_blank_canary_date_does_not_claim_or_limit" time="1.670" /><testcase classname="tests.test_public_land_pipeline" name="test_land_canary_stops_at_three_without_changing_account_pacing" time="1.486" /><testcase classname="tests.test_public_land_pipeline" name="test_canary_wrong_date_and_ambiguous_slots_stay_closed" time="1.291" /><testcase classname="tests.test_public_land_pipeline" name="test_canary_release_requires_configured_verified_sends_on_scope_day_or_later[scope-day]" time="1.084" /><testcase classname="tests.test_public_land_pipeline" name="test_canary_release_requires_configured_verified_sends_on_scope_day_or_later[next-day]" time="0.801" /><testcase classname="tests.test_public_land_pipeline" name="test_canary_missing_slot_fails_closed" time="0.678" /><testcase classname="tests.test_public_land_pipeline" name="test_canary_backfill_ignores_non_land_growth_delivery" time="0.825" /><testcase classname="tests.test_public_land_pipeline" name="test_crash_after_provider_guard_leaves_durable_claimed_canary_slot" time="0.794" /><testcase classname="tests.test_public_land_pipeline" name="test_transport_attempted_unknown_consumes_canary_slot" time="0.836" /><testcase classname="tests.test_public_land_pipeline" name="test_fourth_canary_message_remains_retryable_without_provider" time="0.786" /><testcase classname="tests.test_public_land_pipeline" name="test_growth_registry_template_carries_exact_enabled_public_land_binding" time="0.638" /><testcase classname="tests.test_public_land_pipeline" name="test_public_land_route_ensure_is_dry_run_idempotent_and_readable" time="0.673" /><testcase classname="tests.test_public_land_pipeline" name="test_public_land_route_ensure_plans_and_retires_unexpected_managed_route" time="0.669" /><testcase classname="tests.test_public_land_pipeline" name="test_public_land_route_readiness_requires_exact_seven_bindings[missing]" time="0.837" /><testcase classname="tests.test_public_land_pipeline" name="test_public_land_route_readiness_requires_exact_seven_bindings[wrong_url]" time="0.770" /><testcase classname="tests.test_public_land_pipeline" name="test_public_land_route_readiness_requires_exact_seven_bindings[duplicate]" time="0.629" /><testcase classname="tests.test_public_land_pipeline" name="test_public_land_route_readiness_requires_exact_seven_bindings[wrong_source_row_sha]" time="0.767" /><testcase classname="tests.test_public_land_pipeline" name="test_public_land_route_readiness_requires_exact_seven_bindings[wrong_source_record]" time="0.715" /><testcase classname="tests.test_public_land_pipeline" name="test_public_land_route_readiness_requires_exact_seven_bindings[wrong_motor]" time="0.738" /><testcase classname="tests.test_public_land_pipeline" name="test_public_land_route_readiness_requires_exact_seven_bindings[wrong_validation]" time="0.754" /><testcase classname="tests.test_public_land_pipeline" name="test_managed_scanner_refuses_non_exact_route_set[unexpected_route_key]" time="0.673" /><testcase classname="tests.test_public_land_pipeline" name="test_managed_scanner_refuses_non_exact_route_set[wrong_route_digest]" time="0.919" /><testcase classname="tests.test_public_land_pipeline" name="test_managed_scanner_persists_all_non_success_portal_attempts" time="0.830" /><testcase classname="tests.test_public_land_pipeline" name="test_public_land_send_readiness_needs_no_json_or_rss_source" time="0.806" /><testcase classname="tests.test_public_land_pipeline" name="test_preclaim_readiness_failure_preserves_queue_and_attempt_budget[managed_route]" time="0.770" /><testcase classname="tests.test_public_land_pipeline" name="test_preclaim_readiness_failure_preserves_queue_and_attempt_budget[sender]" time="0.777" /><testcase classname="tests.test_public_land_pipeline" name="test_managed_ingest_only_source_binding_is_exact[missing-managed_land_source_binding_missing]" time="0.945" /><testcase classname="tests.test_public_land_pipeline" name="test_managed_ingest_only_source_binding_is_exact[disabled-managed_land_source_binding_missing]" time="1.021" /><testcase classname="tests.test_public_land_pipeline" name="test_managed_ingest_only_source_binding_is_exact[wrong_kind-managed_land_source_binding_invalid]" time="1.196" /><testcase classname="tests.test_public_land_pipeline" name="test_managed_ingest_only_source_binding_is_exact[wrong_digest-managed_land_source_binding_invalid]" time="1.077" /><testcase classname="tests.test_public_land_pipeline" name="test_managed_ingest_only_source_binding_is_exact[duplicate-managed_land_source_binding_not_unique]" time="0.864" /><testcase classname="tests.test_public_land_pipeline" name="test_public_portal_listing_discovery_is_same_host_and_bounded" time="0.766" /><testcase classname="tests.test_public_land_pipeline" name="test_managed_public_portal_non_success_has_empty_candidate_state[403-&lt;html&gt;&lt;title&gt;Forbidden&lt;/title&gt;&lt;body&gt;Access denied&lt;/body&gt;&lt;/html&gt;-blocked]" time="0.772" /><testcase classname="tests.test_public_land_pipeline" name="test_managed_public_portal_non_success_has_empty_candidate_state[500-&lt;html&gt;&lt;title&gt;Unavailable&lt;/title&gt;&lt;body&gt;Try later&lt;/body&gt;&lt;/html&gt;-failed]" time="0.678" /><testcase classname="tests.test_public_land_pipeline" name="test_pinned_fetch_resolves_once_preserves_tls_host_and_encodes_unicode_target" time="0.786" /><testcase classname="tests.test_public_land_pipeline" name="test_listing_redirect_and_non_identity_encoding_fail_closed" time="0.723" /><testcase classname="tests.test_public_land_pipeline" name="test_dispatch_listing_refetch_uses_fresh_robots_readback_each_time" time="0.799" /><testcase classname="tests.test_public_land_pipeline" name="test_managed_lane_persists_cursor_and_reaches_fourth_candidate_next_batch" time="0.914" /><testcase classname="tests.test_public_land_pipeline" name="test_public_land_pagination_is_exact_same_category_and_bounded" time="0.687" /><testcase classname="tests.test_public_land_pipeline" name="test_managed_fetch_uses_observed_page_and_persists_next_page_evidence" time="0.778" /><testcase classname="tests.test_public_land_pipeline" name="test_managed_lane_advances_only_through_observed_contiguous_pages" time="0.938" /><testcase classname="tests.test_public_land_pipeline" name="test_policy_replay_preview_apply_is_bounded_idempotent_and_audited" time="0.750" /><testcase classname="tests.test_public_land_pipeline" name="test_only_marked_policy_replay_rows_cross_same_day_route_budget" time="0.772" /><testcase classname="tests.test_public_land_pipeline" name="test_over_budget_policy_replay_does_not_expand_category_analysis_links" time="0.817" /><testcase classname="tests.test_public_land_pipeline" name="test_replay_is_isolated_before_budget_is_full_and_normal_pending_waits" time="0.786" /><testcase classname="tests.test_public_land_pipeline" name="test_ordinary_route_remaining_budget_limits_pending_and_analysis_fetches" time="0.813" /></testsuite></testsuites>